<?xml version="1.0" encoding="UTF-8"?>
<testsuite name="com.sangeeth.ServerTest" tests="1" skipped="0" failures="0" errors="0" timestamp="2026-07-22T18:51:19.271Z" hostname="Sangeeths-MacBook-Pro-4.local" time="0.518">
  <properties/>
  <testcase name="test root endpoint" classname="com.sangeeth.ServerTest" time="0.515"/>
  <system-out><![CDATA[2026-07-22 19:51:19.707 [DefaultDispatcher-worker-2 @call-context#3] INFO  io.ktor.test - No ktor.deployment.watch patterns specified, automatic reload is not active.
2026-07-22 19:51:19.737 [DefaultDispatcher-worker-2 @call-context#3] INFO  io.ktor.test - Application started in 0.042 seconds.
2026-07-22 19:51:19.738 [DefaultDispatcher-worker-3 @coroutine#5] INFO  io.ktor.test - Responding at http://localhost:80
2026-07-22 19:51:19.738 [DefaultDispatcher-worker-3 @coroutine#5] INFO  io.ktor.test - Responding at https://localhost:443
]]></system-out>
  <system-err><![CDATA[]]></system-err>
</testsuite>
